NetworkingJSON/app/build/intermediates/manifest_merge_blame_file/debug/manifest-merger-blame-debug-report.txt
1<?xml version="1.0" encoding="utf-8"?>
2<manifest xmlns:android="http://schemas.android.com/apk/res/android"
3    package="course.examples.networking.androidhttpclientjson" >
4
5    <uses-sdk
6        android:minSdkVersion="21"
6-->src\main\AndroidManifest.xml
7        android:targetSdkVersion="29" />
7-->src\main\AndroidManifest.xml
8
9    <uses-permission android:name="android.permission.INTERNET" />
9-->src\main\AndroidManifest.xml:5:5-67
9-->src\main\AndroidManifest.xml:5:22-64
10
11    <application
11-->src\main\AndroidManifest.xml:7:5-24:19
12        android:allowBackup="false"
12-->src\main\AndroidManifest.xml:8:9-36
13        android:debuggable="true"
14        android:icon="@mipmap/ic_launcher"
14-->src\main\AndroidManifest.xml:9:9-43
15        android:label="@string/app_name"
15-->src\main\AndroidManifest.xml:10:9-41
16        android:testOnly="true"
17        android:theme="@style/MaterialTheme" >
17-->src\main\AndroidManifest.xml:11:9-45
18        <activity
18-->src\main\AndroidManifest.xml:12:9-14:47
19            android:name="course.examples.networking.json.NetworkingJSONResponseActivity"
19-->src\main\AndroidManifest.xml:13:13-59
20            android:label="@string/app_name" />
20-->src\main\AndroidManifest.xml:14:13-45
21        <activity
21-->src\main\AndroidManifest.xml:15:9-23:20
22            android:name="course.examples.networking.json.MainActivity"
22-->src\main\AndroidManifest.xml:16:13-41
23            android:label="@string/app_name" >
23-->src\main\AndroidManifest.xml:17:13-45
24            <intent-filter>
24-->src\main\AndroidManifest.xml:18:13-22:29
25                <action android:name="android.intent.action.MAIN" />
25-->src\main\AndroidManifest.xml:19:17-69
25-->src\main\AndroidManifest.xml:19:25-66
26
27                <category android:name="android.intent.category.LAUNCHER" />
27-->src\main\AndroidManifest.xml:21:17-77
27-->src\main\AndroidManifest.xml:21:27-74
28            </intent-filter>
29        </activity>
30    </application>
31
32</manifest>